[Tue Sep 10 15:00:11 2024] [INFO]  [initializeSignalHandling]    Initializing signal handling
[Tue Sep 10 15:00:11 2024] [INFO]  [bindAndListen]               Server is listening at http://127.0.0.1:8082
[Tue Sep 10 15:00:11 2024] [INFO]  [addToQueue]                  Added Event READ EVENT 5
[Tue Sep 10 15:00:14 2024] [DEBUG] [run]                         No events to process
[Tue Sep 10 15:00:17 2024] [DEBUG] [run]                         No events to process
[Tue Sep 10 15:00:19 2024] [INFO]  [acceptClient]                New connection, socket fd is [6], IP is : 127.0.0.1, port : 53353
[Tue Sep 10 15:00:19 2024] [INFO]  [addToQueue]                  Added Event READ EVENT 6
[Tue Sep 10 15:00:19 2024] [INFO]  [acceptClient]                New connection, socket fd is [7], IP is : 127.0.0.1, port : 53354
[Tue Sep 10 15:00:19 2024] [INFO]  [addToQueue]                  Added Event READ EVENT 7
[Tue Sep 10 15:00:19 2024] [DEBUG] [readFromSocket]              Reading from client socket 6
[Tue Sep 10 15:00:19 2024] [DEBUG] [recvHeader]                  Header received from client 6
[Tue Sep 10 15:00:19 2024] [ERROR] [checkType]                   File not found ./favicon.ico
[Tue Sep 10 15:00:19 2024] [INFO]  [removeFromQueue]             Removed READ Event 6
[Tue Sep 10 15:00:19 2024] [INFO]  [addToQueue]                  Added Event WRITE EVENT 6
[Tue Sep 10 15:00:19 2024] [INFO]  [handleWrite]                 Handling write for client 6
[Tue Sep 10 15:00:19 2024] [INFO]  [handleWrite]                 Connection closed for client [6] with IP 127.0.0.1 on port 8082
[Tue Sep 10 15:00:19 2024] [INFO]  [removeFromQueue]             Removed WRITE Event 6
[Tue Sep 10 15:00:21 2024] [DEBUG] [handleDisconnection]         Handling disconnection for client 7
[Tue Sep 10 15:00:21 2024] [INFO]  [removeFromQueue]             Removed READ Event 7
[Tue Sep 10 15:00:24 2024] [DEBUG] [run]                         No events to process
[Tue Sep 10 15:00:25 2024] [INFO]  [acceptClient]                New connection, socket fd is [6], IP is : 127.0.0.1, port : 53391
[Tue Sep 10 15:00:25 2024] [INFO]  [addToQueue]                  Added Event READ EVENT 6
[Tue Sep 10 15:00:25 2024] [INFO]  [acceptClient]                New connection, socket fd is [8], IP is : 127.0.0.1, port : 53392
[Tue Sep 10 15:00:25 2024] [INFO]  [addToQueue]                  Added Event READ EVENT 8
[Tue Sep 10 15:00:25 2024] [DEBUG] [readFromSocket]              Reading from client socket 6
[Tue Sep 10 15:00:25 2024] [DEBUG] [recvHeader]                  Header received from client 6
[Tue Sep 10 15:00:28 2024] [DEBUG] [run]                         No events to process
[Tue Sep 10 15:00:31 2024] [DEBUG] [run]                         No events to process
[Tue Sep 10 15:00:34 2024] [DEBUG] [run]                         No events to process
[Tue Sep 10 15:00:34 2024] [INFO]  [checkTimeouts]               Client 8 timed out
[Tue Sep 10 15:00:34 2024] [INFO]  [removeFromQueue]             Removed READ Event 8
[Tue Sep 10 15:00:34 2024] [INFO]  [checkTimeouts]               CGI process for client 6 timed out
