[2024-09-18 15:01:40] [INFO]  [initializeSignalHandling]    Initializing signal handling
[2024-09-18 15:01:40] [INFO]  [Parser]                      Configuration file parsed successfully
[2024-09-18 15:01:40] [INFO]  [Validation]                  Configuration file validated successfully.
[2024-09-18 15:01:40] [INFO]  [bindAndListen]               Server is listening at http://127.0.0.1:8080
[2024-09-18 15:01:40] [INFO]  [addToQueue]                  Added Event READ EVENT 5
[2024-09-18 15:01:56] [INFO]  [acceptClient]                New connection, socket fd is [6], IP is : 127.0.0.1, port : 57446
[2024-09-18 15:01:56] [INFO]  [addToQueue]                  Added Event READ EVENT 6
[2024-09-18 15:01:56] [DEBUG] [readFromSocket]              Reading from client socket 6
[2024-09-18 15:01:56] [DEBUG] [recvHeader]                  Header received from client 6
[2024-09-18 15:01:56] [INFO]  [parseHeader]                 Method: GET
[2024-09-18 15:01:56] [INFO]  [parseHeader]                 URI: /random/
[2024-09-18 15:01:56] [INFO]  [parseHeader]                 Headers parsed successfully.
[2024-09-18 15:01:56] [INFO]  [handleRequest]               Normal request detected.
[2024-09-18 15:01:56] [INFO]  [handleRequest]               Route chosen: /random
[2024-09-18 15:01:56] [INFO]  [handleRequest]               Request handled successfully.
[2024-09-18 15:01:56] [INFO]  [handleGET]                   Handling GET request with Path: www/testcases//
[2024-09-18 15:01:56] [ERROR] [handleDirectory]             Directory listing is disabled
[2024-09-18 15:01:56] [INFO]  [removeFromQueue]             Removed READ Event 6
[2024-09-18 15:01:56] [INFO]  [addToQueue]                  Added Event WRITE EVENT 6
[2024-09-18 15:01:56] [INFO]  [handleWrite]                 Handling write for client 6
[2024-09-18 15:01:56] [INFO]  [handleWrite]                 Connection closed for client [6] with IP 127.0.0.1 on port 8080
[2024-09-18 15:01:56] [INFO]  [removeFromQueue]             Removed WRITE Event 6
[2024-09-18 15:01:56] [INFO]  [acceptClient]                New connection, socket fd is [6], IP is : 127.0.0.1, port : 57449
[2024-09-18 15:01:56] [INFO]  [addToQueue]                  Added Event READ EVENT 6
[2024-09-18 15:01:56] [INFO]  [acceptClient]                New connection, socket fd is [7], IP is : 127.0.0.1, port : 57450
[2024-09-18 15:01:56] [INFO]  [addToQueue]                  Added Event READ EVENT 7
[2024-09-18 15:02:19] [DEBUG] [readFromSocket]              Reading from client socket 6
[2024-09-18 15:02:19] [DEBUG] [recvHeader]                  Header received from client 6
[2024-09-18 15:02:19] [INFO]  [parseHeader]                 Method: GET
[2024-09-18 15:02:19] [INFO]  [parseHeader]                 URI: /cgi-bin/
[2024-09-18 15:02:19] [INFO]  [parseHeader]                 Headers parsed successfully.
[2024-09-18 15:02:19] [INFO]  [handleRequest]               CGI request detected.
[2024-09-18 15:02:19] [INFO]  [handleRequest]               Request handled successfully.
[2024-09-18 15:02:19] [INFO]  [addToQueue]                  Added Event READ EVENT 10
[2024-09-18 15:02:19] [INFO]  [execute]                     Executing www/cgi-bin/index.py with PID 2364
[2024-09-18 15:02:19] [INFO]  [handleCgiRead]               Reading from CGI process 2364
[2024-09-18 15:02:19] [DEBUG] [handleCgiRead]               CGI process 2364 is still running and waiting for more data
[2024-09-18 15:02:19] [INFO]  [handleCgiRead]               Reading from CGI process 2364
[2024-09-18 15:02:19] [INFO]  [removeFromQueue]             Removed READ Event 10
[2024-09-18 15:02:19] [INFO]  [addToQueue]                  Added Event WRITE EVENT 6
[2024-09-18 15:02:19] [INFO]  [handleWrite]                 Handling write for client 6
[2024-09-18 15:02:19] [INFO]  [removeFromQueue]             Removed WRITE Event 6
[2024-09-18 15:02:19] [INFO]  [handleWrite]                 Write completed for client 6
